Using pre-set license
Built from '2020.3/staging' branch; Version is '2020.3.20f1 (41c4e627c95f) revision 4310246'; Using compiler version '192528614'; Build Type 'Release'
OS: 'Windows 10 Home Single Language; OS build 22000.318; Version 2009; 64bit' Language: 'en' Physical Memory: 12028 MB
BatchMode: 1, IsHumanControllingUs: 0, StartBugReporterOnCrash: 0, Is64bit: 1, IsPro: 0

COMMAND LINE ARGUMENTS:
C:\Program Files\Unity\Hub\Editor\2020.3.20f1\Editor\Unity.exe
-adb2
-batchMode
-noUpm
-name
AssetImportWorker0
-projectPath
D:/Unity/level_design
-logFile
Logs/AssetImportWorker0.log
-srvPort
49945
Successfully changed project path to: D:/Unity/level_design
D:/Unity/level_design
Using Asset Import Pipeline V2.
Refreshing native plugins compatible for Editor in 73.98 ms, found 2 plugins.
Preloading 0 native plugins for Editor in 0.00 ms.
Initialize engine version: 2020.3.20f1 (41c4e627c95f)
[Subsystems] Discovering subsystems at path C:/Program Files/Unity/Hub/Editor/2020.3.20f1/Editor/Data/Resources/UnitySubsystems
[Subsystems] Discovering subsystems at path D:/Unity/level_design/Assets
GfxDevice: creating device client; threaded=0
Direct3D:
    Version:  Direct3D 11.0 [level 11.1]
    Renderer: Intel(R) UHD Graphics (ID=0x8a56)
    Vendor:   
    VRAM:     6014 MB
    Driver:   30.0.100.9805
Initialize mono
Mono path[0] = 'C:/Program Files/Unity/Hub/Editor/2020.3.20f1/Editor/Data/Managed'
Mono path[1] = 'C:/Program Files/Unity/Hub/Editor/2020.3.20f1/Editor/Data/MonoBleedingEdge/lib/mono/unityjit'
Mono config path = 'C:/Program Files/Unity/Hub/Editor/2020.3.20f1/Editor/Data/MonoBleedingEdge/etc'
Using monoOptions --debugger-agent=transport=dt_socket,embedding=1,server=y,suspend=n,address=127.0.0.1:56924
Begin MonoManager ReloadAssembly
Registering precompiled unity dll's ...
Register platform support module: C:/Program Files/Unity/Hub/Editor/2020.3.20f1/Editor/Data/PlaybackEngines/WindowsStandaloneSupport/UnityEditor.WindowsStandalone.Extensions.dll
Registered in 0.001084 seconds.
Native extension for WindowsStandalone target not found
Refreshing native plugins compatible for Editor in 35.73 ms, found 2 plugins.
Preloading 0 native plugins for Editor in 0.00 ms.
Mono: successfully reloaded assembly
- Completed reload, in  1.381 seconds
Domain Reload Profiling:
	ReloadAssembly (1381ms)
		BeginReloadAssembly (67ms)
			ExecutionOrderSort (0ms)
			DisableScriptedObjects (0ms)
			BackupInstance (0ms)
			ReleaseScriptingObjects (0ms)
			CreateAndSetChildDomain (4ms)
		EndReloadAssembly (396ms)
			LoadAssemblies (61ms)
			RebuildTransferFunctionScriptingTraits (0ms)
			SetupTypeCache (164ms)
			ReleaseScriptCaches (0ms)
			RebuildScriptCaches (27ms)
			SetupLoadedEditorAssemblies (147ms)
				LogAssemblyErrors (0ms)
				InitializePlatformSupportModulesInManaged (4ms)
				SetLoadedEditorAssemblies (0ms)
				RefreshPlugins (36ms)
				BeforeProcessingInitializeOnLoad (8ms)
				ProcessInitializeOnLoadAttributes (73ms)
				ProcessInitializeOnLoadMethodAttributes (26ms)
				AfterProcessingInitializeOnLoad (0ms)
				EditorAssembliesLoaded (0ms)
			ExecutionOrderSort2 (0ms)
			AwakeInstancesAfterBackupRestoration (0ms)
Platform modules already initialized, skipping
Registering precompiled user dll's ...
Registered in 0.001298 seconds.
Begin MonoManager ReloadAssembly
Native extension for WindowsStandalone target not found
Refreshing native plugins compatible for Editor in 0.42 ms, found 2 plugins.
Preloading 0 native plugins for Editor in 0.00 ms.
Mono: successfully reloaded assembly
- Completed reload, in  0.889 seconds
Domain Reload Profiling:
	ReloadAssembly (890ms)
		BeginReloadAssembly (123ms)
			ExecutionOrderSort (0ms)
			DisableScriptedObjects (4ms)
			BackupInstance (0ms)
			ReleaseScriptingObjects (0ms)
			CreateAndSetChildDomain (16ms)
		EndReloadAssembly (715ms)
			LoadAssemblies (76ms)
			RebuildTransferFunctionScriptingTraits (0ms)
			SetupTypeCache (239ms)
			ReleaseScriptCaches (0ms)
			RebuildScriptCaches (40ms)
			SetupLoadedEditorAssemblies (278ms)
				LogAssemblyErrors (0ms)
				InitializePlatformSupportModulesInManaged (5ms)
				SetLoadedEditorAssemblies (0ms)
				RefreshPlugins (0ms)
				BeforeProcessingInitializeOnLoad (52ms)
				ProcessInitializeOnLoadAttributes (213ms)
				ProcessInitializeOnLoadMethodAttributes (4ms)
				AfterProcessingInitializeOnLoad (4ms)
				EditorAssembliesLoaded (0ms)
			ExecutionOrderSort2 (0ms)
			AwakeInstancesAfterBackupRestoration (6ms)
Platform modules already initialized, skipping
========================================================================
Worker process is ready to serve import requests
Launched and connected shader compiler UnityShaderCompiler.exe after 0.04 seconds
Refreshing native plugins compatible for Editor in 0.40 ms, found 2 plugins.
Preloading 0 native plugins for Editor in 0.00 ms.
Unloading 1895 Unused Serialized files (Serialized files now loaded: 0)
System memory in use before: 85.6 MB.
System memory in use after: 85.6 MB.

Unloading 17 unused Assets to reduce memory usage. Loaded Objects now: 2331.
Total: 2.432300 ms (FindLiveObjects: 0.133800 ms CreateObjectMapping: 0.049500 ms MarkObjects: 2.145100 ms  DeleteObjects: 0.103100 ms)

AssetImportParameters requested are different than current active one (requested -> active):
  custom:framework-win-MediaFoundation: 216162199b28c13a410421893ffa2e32 -> 
  custom:video-decoder-ogg-theora: a1e56fd34408186e4bbccfd4996cb3dc -> 
  custom:container-muxer-webm: aa71ff27fc2769a1b78a27578f13a17b -> 
  custom:container-demuxer-webm: 4f35f7cbe854078d1ac9338744f61a02 -> 
  custom:container-demuxer-ogg: 62fdf1f143b41e24485cea50d1cbac27 -> 
  custom:video-encoder-webm-vp8: eb34c28f22e8b96e1ab97ce403110664 -> 
  custom:video-decoder-webm-vp8: 9c59270c3fd7afecdb556c50c9e8de78 -> 
  custom:audio-decoder-ogg-vorbis: bf7c407c2cedff20999df2af8eb42d56 -> 
  custom:audio-encoder-webm-vorbis: bf7c407c2cedff20999df2af8eb42d56 -> 
========================================================================
Received Import Request.
  path: Assets/New Terrain.asset
  artifactKey: Guid(6d984524db7028748aec79dbb71bb3d5) Importer(815301076,1909f56bfc062723c751e8b465ee728b)
Start importing Assets/New Terrain.asset using Guid(6d984524db7028748aec79dbb71bb3d5) Importer(815301076,1909f56bfc062723c751e8b465ee728b)  -> (artifact id: '3d7ace675e54197f50995c8287b80698') in 0.044009 seconds 
  Import took 0.046932 seconds .

========================================================================
Received Import Request.
  Time since last request: 26.561457 seconds.
  path: Assets/Scenes
  artifactKey: Guid(b24af67b0fe4678458000769e2fbc5ae) Importer(815301076,1909f56bfc062723c751e8b465ee728b)
Start importing Assets/Scenes using Guid(b24af67b0fe4678458000769e2fbc5ae) Importer(815301076,1909f56bfc062723c751e8b465ee728b)  -> (artifact id: 'd8a46ae44b13f8099adf338ec1bb8090') in 0.008537 seconds 
  Import took 0.011729 seconds .

========================================================================
Received Import Request.
  Time since last request: 1.213775 seconds.
  path: Assets/Scenes/SampleScene.unity
  artifactKey: Guid(9fc0d4010bbf28b4594072e72b8655ab) Importer(815301076,1909f56bfc062723c751e8b465ee728b)
Start importing Assets/Scenes/SampleScene.unity using Guid(9fc0d4010bbf28b4594072e72b8655ab) Importer(815301076,1909f56bfc062723c751e8b465ee728b)  -> (artifact id: '816e412bfa7d0eb9f93f769fdac4fb66') in 0.011861 seconds 
  Import took 0.015056 seconds .

========================================================================
Received Import Request.
  Time since last request: 824.611440 seconds.
  path: Assets/Lowpoly Style/Free Rocks and Plants/FBX/Reed.fbx
  artifactKey: Guid(bf957aaf2ea75894bb409dbeef75bf9f) Importer(815301076,1909f56bfc062723c751e8b465ee728b)
Start importing Assets/Lowpoly Style/Free Rocks and Plants/FBX/Reed.fbx using Guid(bf957aaf2ea75894bb409dbeef75bf9f) Importer(815301076,1909f56bfc062723c751e8b465ee728b)  -> (artifact id: '001631213e96bdfd5114a4bd9cbe27fd') in 0.121786 seconds 
  Import took 0.125933 seconds .

========================================================================
Received Import Request.
  Time since last request: 0.000235 seconds.
  path: Assets/Lowpoly Style/Free Rocks and Plants/FBX/RockGrey1Tropical.fbx
  artifactKey: Guid(aa506903d46611248a87e61d76a088b6) Importer(815301076,1909f56bfc062723c751e8b465ee728b)
Start importing Assets/Lowpoly Style/Free Rocks and Plants/FBX/RockGrey1Tropical.fbx using Guid(aa506903d46611248a87e61d76a088b6) Importer(815301076,1909f56bfc062723c751e8b465ee728b)  -> (artifact id: 'ac9a76d9e4a66c6dabfc2cad67e96d6d') in 0.052926 seconds 
  Import took 0.057154 seconds .

========================================================================
Received Import Request.
  Time since last request: 0.000246 seconds.
  path: Assets/Lowpoly Style/Free Rocks and Plants/FBX/TerrainPatchGreen.fbx
  artifactKey: Guid(156921304de94564e9c6eb9c3607125b) Importer(815301076,1909f56bfc062723c751e8b465ee728b)
Start importing Assets/Lowpoly Style/Free Rocks and Plants/FBX/TerrainPatchGreen.fbx using Guid(156921304de94564e9c6eb9c3607125b) Importer(815301076,1909f56bfc062723c751e8b465ee728b)  -> (artifact id: 'edc97b18afe3cc0485f411043233ce34') in 0.069153 seconds 
  Import took 0.074461 seconds .

========================================================================
Received Import Request.
  Time since last request: 0.000201 seconds.
  path: Assets/Lowpoly Style/Free Rocks and Plants/FBX/Tree1.fbx
  artifactKey: Guid(b32c15c9cb370f8439aed5b64269fce9) Importer(815301076,1909f56bfc062723c751e8b465ee728b)
Start importing Assets/Lowpoly Style/Free Rocks and Plants/FBX/Tree1.fbx using Guid(b32c15c9cb370f8439aed5b64269fce9) Importer(815301076,1909f56bfc062723c751e8b465ee728b)  -> (artifact id: 'fce6e840b40b83640e373dbd7e1b66e7') in 0.052839 seconds 
  Import took 0.056303 seconds .

========================================================================
Received Import Request.
  Time since last request: 3.451941 seconds.
  path: Assets/Lowpoly Style/Free Rocks and Plants/Materials/MAT_MAIN.mat
  artifactKey: Guid(b218d35c8dc65164892039ea0aea3b4b) Importer(815301076,1909f56bfc062723c751e8b465ee728b)
Start importing Assets/Lowpoly Style/Free Rocks and Plants/Materials/MAT_MAIN.mat using Guid(b218d35c8dc65164892039ea0aea3b4b) Importer(815301076,1909f56bfc062723c751e8b465ee728b)  -> (artifact id: 'e8e44ce7c3bdc4dbf081d3be50f61f8a') in 0.043419 seconds 
  Import took 0.047233 seconds .

========================================================================
Received Import Request.
  Time since last request: 0.879588 seconds.
  path: Assets/Lowpoly Style/Free Rocks and Plants/Prefabs/Reed.prefab
  artifactKey: Guid(8e29574f61c003a45a3cc9a571582336) Importer(815301076,1909f56bfc062723c751e8b465ee728b)
Start importing Assets/Lowpoly Style/Free Rocks and Plants/Prefabs/Reed.prefab using Guid(8e29574f61c003a45a3cc9a571582336) Importer(815301076,1909f56bfc062723c751e8b465ee728b)  -> (artifact id: 'f13be61c2ff4d8f681abd40c89ba2d83') in 0.017819 seconds 
  Import took 0.021987 seconds .

========================================================================
Received Import Request.
  Time since last request: 0.000229 seconds.
  path: Assets/Lowpoly Style/Free Rocks and Plants/Prefabs/TerrainPatchGreen.prefab
  artifactKey: Guid(2b428f431bec4ad4dbb012a63ee42ad2) Importer(815301076,1909f56bfc062723c751e8b465ee728b)
Start importing Assets/Lowpoly Style/Free Rocks and Plants/Prefabs/TerrainPatchGreen.prefab using Guid(2b428f431bec4ad4dbb012a63ee42ad2) Importer(815301076,1909f56bfc062723c751e8b465ee728b)  -> (artifact id: '0dca0baf23a48f585f33cef2cd2af25b') in 0.034405 seconds 
  Import took 0.053232 seconds .

========================================================================
Received Import Request.
  Time since last request: 0.000244 seconds.
  path: Assets/Lowpoly Style/Free Rocks and Plants/Prefabs/RockGrey1.prefab
  artifactKey: Guid(84a240cf1c5ef5f4d8ff048828a60d97) Importer(815301076,1909f56bfc062723c751e8b465ee728b)
Start importing Assets/Lowpoly Style/Free Rocks and Plants/Prefabs/RockGrey1.prefab using Guid(84a240cf1c5ef5f4d8ff048828a60d97) Importer(815301076,1909f56bfc062723c751e8b465ee728b)  -> (artifact id: '36b45a9f28d32a82a0d4045c03fa1db7') in 0.058359 seconds 
  Import took 0.064735 seconds .

========================================================================
Received Import Request.
  Time since last request: 0.000199 seconds.
  path: Assets/Lowpoly Style/Free Rocks and Plants/Prefabs/Tree1.prefab
  artifactKey: Guid(43ac926c2709a4b4e9868e88f7f97a61) Importer(815301076,1909f56bfc062723c751e8b465ee728b)
Start importing Assets/Lowpoly Style/Free Rocks and Plants/Prefabs/Tree1.prefab using Guid(43ac926c2709a4b4e9868e88f7f97a61) Importer(815301076,1909f56bfc062723c751e8b465ee728b)  -> (artifact id: '71847841ca4ee5692f373aedff32e89f') in 0.040963 seconds 
  Import took 0.048840 seconds .

========================================================================
Received Import Request.
  Time since last request: 3.929979 seconds.
  path: Assets/Lowpoly Style/Free Rocks and Plants/Textures/Main.png
  artifactKey: Guid(12bf01b08bfe3c84182aac0af0091653) Importer(815301076,1909f56bfc062723c751e8b465ee728b)
Start importing Assets/Lowpoly Style/Free Rocks and Plants/Textures/Main.png using Guid(12bf01b08bfe3c84182aac0af0091653) Importer(815301076,1909f56bfc062723c751e8b465ee728b)  -> (artifact id: '84d3279d13cd03d54faab8268a3068ca') in 0.026055 seconds 
  Import took 0.029860 seconds .

========================================================================
Received Import Request.
  Time since last request: 1.498139 seconds.
  path: Assets/Lowpoly Style/Free Rocks and Plants/Textures/Generated
  artifactKey: Guid(f6e068995ce058c4aadf96744d7c6bb4) Importer(815301076,1909f56bfc062723c751e8b465ee728b)
Start importing Assets/Lowpoly Style/Free Rocks and Plants/Textures/Generated using Guid(f6e068995ce058c4aadf96744d7c6bb4) Importer(815301076,1909f56bfc062723c751e8b465ee728b)  -> (artifact id: '8cb8fbb6617dd3295e660f4aa311d555') in 0.011891 seconds 
  Import took 0.016852 seconds .

========================================================================
Received Import Request.
  Time since last request: 14.413898 seconds.
  path: Assets/Pure Poly/Free Low Poly Nature Pack/Scenes
  artifactKey: Guid(6327ca9f9eb274c4099a6215c60fd47a) Importer(815301076,1909f56bfc062723c751e8b465ee728b)
Start importing Assets/Pure Poly/Free Low Poly Nature Pack/Scenes using Guid(6327ca9f9eb274c4099a6215c60fd47a) Importer(815301076,1909f56bfc062723c751e8b465ee728b)  -> (artifact id: '433033e9ad773a948b47b3c5ae187d72') in 0.006817 seconds 
  Import took 0.011631 seconds .

========================================================================
Received Import Request.
  Time since last request: 1.644901 seconds.
  path: Assets/Pure Poly/Free Low Poly Nature Pack/Scenes/Demo_01.unity
  artifactKey: Guid(164fc101ab8f1584d9f3f9772734e457) Importer(815301076,1909f56bfc062723c751e8b465ee728b)
Start importing Assets/Pure Poly/Free Low Poly Nature Pack/Scenes/Demo_01.unity using Guid(164fc101ab8f1584d9f3f9772734e457) Importer(815301076,1909f56bfc062723c751e8b465ee728b)  -> (artifact id: '7060e624cafe29ffcfc394596c5ab5c6') in 0.018106 seconds 
  Import took 0.021963 seconds .

========================================================================
Received Import Request.
  Time since last request: 67.800058 seconds.
  path: Assets/Pure Poly/Free Low Poly Nature Pack/Scenes/Demo_List.unity
  artifactKey: Guid(c5fac116710c5e743a2245d7f2e9ceea) Importer(815301076,1909f56bfc062723c751e8b465ee728b)
Start importing Assets/Pure Poly/Free Low Poly Nature Pack/Scenes/Demo_List.unity using Guid(c5fac116710c5e743a2245d7f2e9ceea) Importer(815301076,1909f56bfc062723c751e8b465ee728b)  -> (artifact id: '0ec7b786420c6181a7e2dfef6cb31d39') in 0.026756 seconds 
  Import took 0.031588 seconds .

========================================================================
Received Import Request.
  Time since last request: 56.855445 seconds.
  path: Assets/Lowpoly Style/Free Rocks and Plants
  artifactKey: Guid(58cb832d04ff0da44956227d53b6c959) Importer(815301076,1909f56bfc062723c751e8b465ee728b)
Start importing Assets/Lowpoly Style/Free Rocks and Plants using Guid(58cb832d04ff0da44956227d53b6c959) Importer(815301076,1909f56bfc062723c751e8b465ee728b)  -> (artifact id: '9e71360984126aa78eb58e735f59b294') in 0.021317 seconds 
  Import took 0.025812 seconds .

========================================================================
Received Import Request.
  Time since last request: 3.705572 seconds.
  path: Assets/Lowpoly Style/Free Rocks and Plants/Lowpoly Style Demo.unity
  artifactKey: Guid(f8a43b6fe8ed1ef4591a216dcfebb568) Importer(815301076,1909f56bfc062723c751e8b465ee728b)
Start importing Assets/Lowpoly Style/Free Rocks and Plants/Lowpoly Style Demo.unity using Guid(f8a43b6fe8ed1ef4591a216dcfebb568) Importer(815301076,1909f56bfc062723c751e8b465ee728b)  -> (artifact id: '42df90e0e855659ee7d36f514dadbe54') in 0.027065 seconds 
  Import took 0.031119 seconds .

========================================================================
Received Import Request.
  Time since last request: 50.651382 seconds.
  path: Assets/Scenes/SampleScene.unity
  artifactKey: Guid(9fc0d4010bbf28b4594072e72b8655ab) Importer(815301076,1909f56bfc062723c751e8b465ee728b)
Start importing Assets/Scenes/SampleScene.unity using Guid(9fc0d4010bbf28b4594072e72b8655ab) Importer(815301076,1909f56bfc062723c751e8b465ee728b)  -> (artifact id: 'd9bdecc25d34141a70377a7610602aff') in 0.017183 seconds 
  Import took 0.022191 seconds .

========================================================================
Received Import Request.
  Time since last request: 134.255098 seconds.
  path: Assets
  artifactKey: Guid(00000000000000001000000000000000) Importer(815301076,1909f56bfc062723c751e8b465ee728b)
Start importing Assets using Guid(00000000000000001000000000000000) Importer(815301076,1909f56bfc062723c751e8b465ee728b)  -> (artifact id: '42d402b061de3733987d63b9cc3b64de') in 0.018501 seconds 
  Import took 0.022694 seconds .

========================================================================
Received Import Request.
  Time since last request: 4.622965 seconds.
  path: Assets/Material
  artifactKey: Guid(76bdd9f6b3e84444e89c76d944843751) Importer(815301076,1909f56bfc062723c751e8b465ee728b)
Start importing Assets/Material using Guid(76bdd9f6b3e84444e89c76d944843751) Importer(815301076,1909f56bfc062723c751e8b465ee728b)  -> (artifact id: 'fd1d6de011d6c2aff101a19bc94fe144') in 0.017027 seconds 
  Import took 0.025549 seconds .

========================================================================
Received Import Request.
  Time since last request: 8.632188 seconds.
  path: Assets/Material/Black.mat
  artifactKey: Guid(8f4f29ce0fb976f46974ae4b09c4e1aa) Importer(815301076,1909f56bfc062723c751e8b465ee728b)
Start importing Assets/Material/Black.mat using Guid(8f4f29ce0fb976f46974ae4b09c4e1aa) Importer(815301076,1909f56bfc062723c751e8b465ee728b)  -> (artifact id: 'f0117d59c6a2d55cde39103f790dde12') in 0.028805 seconds 
  Import took 0.034338 seconds .

========================================================================
Received Import Request.
  Time since last request: 67.733525 seconds.
  path: Assets/Pure Poly/Free Low Poly Nature Pack/Prefabs/PP_Birch_Tree_05.prefab
  artifactKey: Guid(2554008d6447a2540b44e55f0c0b576e) Importer(815301076,1909f56bfc062723c751e8b465ee728b)
Start importing Assets/Pure Poly/Free Low Poly Nature Pack/Prefabs/PP_Birch_Tree_05.prefab using Guid(2554008d6447a2540b44e55f0c0b576e) Importer(815301076,1909f56bfc062723c751e8b465ee728b)  -> (artifact id: '432534fc197f2859613f5ef2dfd8a6c6') in 0.019761 seconds 
  Import took 0.024651 seconds .

========================================================================
Received Import Request.
  Time since last request: 0.000186 seconds.
  path: Assets/Pure Poly/Free Low Poly Nature Pack/Prefabs/PP_Mushroom_Fantasy_Orange_09.prefab
  artifactKey: Guid(0ab22827d0f3f0b40a97e9430d684283) Importer(815301076,1909f56bfc062723c751e8b465ee728b)
Start importing Assets/Pure Poly/Free Low Poly Nature Pack/Prefabs/PP_Mushroom_Fantasy_Orange_09.prefab using Guid(0ab22827d0f3f0b40a97e9430d684283) Importer(815301076,1909f56bfc062723c751e8b465ee728b)  -> (artifact id: 'ab3a68c2e8cb36efcc96015e4398af09') in 0.032251 seconds 
  Import took 0.038738 seconds .

========================================================================
Received Import Request.
  Time since last request: 0.000241 seconds.
  path: Assets/Pure Poly/Free Low Poly Nature Pack/Prefabs/PP_Sunflower_04.prefab
  artifactKey: Guid(18bb023d75a113f4cb8d1452371f5c0e) Importer(815301076,1909f56bfc062723c751e8b465ee728b)
Start importing Assets/Pure Poly/Free Low Poly Nature Pack/Prefabs/PP_Sunflower_04.prefab using Guid(18bb023d75a113f4cb8d1452371f5c0e) Importer(815301076,1909f56bfc062723c751e8b465ee728b)  -> (artifact id: '95a4f4e821974031a86d16372d4ad345') in 0.042366 seconds 
  Import took 0.050920 seconds .

========================================================================
Received Import Request.
  Time since last request: 0.000285 seconds.
  path: Assets/Pure Poly/Free Low Poly Nature Pack/Prefabs/PP_Meadow_07.prefab
  artifactKey: Guid(cf22a2db10f09a34495e9f83913738c8) Importer(815301076,1909f56bfc062723c751e8b465ee728b)
Start importing Assets/Pure Poly/Free Low Poly Nature Pack/Prefabs/PP_Meadow_07.prefab using Guid(cf22a2db10f09a34495e9f83913738c8) Importer(815301076,1909f56bfc062723c751e8b465ee728b)  -> (artifact id: '5d436fceb6fe4d063203269daa96b2b4') in 0.025832 seconds 
  Import took 0.031659 seconds .

========================================================================
Received Import Request.
  Time since last request: 0.000238 seconds.
  path: Assets/Pure Poly/Free Low Poly Nature Pack/Prefabs/PP_Mushroom_Fantasy_Purple_05.prefab
  artifactKey: Guid(d354c41a99993964baca0254487708d1) Importer(815301076,1909f56bfc062723c751e8b465ee728b)
Start importing Assets/Pure Poly/Free Low Poly Nature Pack/Prefabs/PP_Mushroom_Fantasy_Purple_05.prefab using Guid(d354c41a99993964baca0254487708d1) Importer(815301076,1909f56bfc062723c751e8b465ee728b)  -> (artifact id: '43878f2a414e0e01cb4c880a73595d02') in 0.028324 seconds 
  Import took 0.033610 seconds .

========================================================================
Received Import Request.
  Time since last request: 0.000332 seconds.
  path: Assets/Pure Poly/Free Low Poly Nature Pack/Prefabs/PP_Birch_Tree_06.prefab
  artifactKey: Guid(a2bd798ea40c7e341aa61ad124d95342) Importer(815301076,1909f56bfc062723c751e8b465ee728b)
Start importing Assets/Pure Poly/Free Low Poly Nature Pack/Prefabs/PP_Birch_Tree_06.prefab using Guid(a2bd798ea40c7e341aa61ad124d95342) Importer(815301076,1909f56bfc062723c751e8b465ee728b)  -> (artifact id: 'f3593d76750c6de8457f353c61632d3e') in 0.034983 seconds 
  Import took 0.038939 seconds .

========================================================================
Received Import Request.
  Time since last request: 0.000195 seconds.
  path: Assets/Pure Poly/Free Low Poly Nature Pack/Prefabs/PP_Tree_02.prefab
  artifactKey: Guid(e133dac167ef59c40b7678ba58107c6a) Importer(815301076,1909f56bfc062723c751e8b465ee728b)
Start importing Assets/Pure Poly/Free Low Poly Nature Pack/Prefabs/PP_Tree_02.prefab using Guid(e133dac167ef59c40b7678ba58107c6a) Importer(815301076,1909f56bfc062723c751e8b465ee728b)  -> (artifact id: '1f06920be11824cc2fca07fbb41f953a') in 0.033569 seconds 
  Import took 0.037163 seconds .

========================================================================
Received Import Request.
  Time since last request: 0.000226 seconds.
  path: Assets/Pure Poly/Free Low Poly Nature Pack/Prefabs/PP_Grass_15.prefab
  artifactKey: Guid(b8217b9c1183a5144b666d1dd63980c4) Importer(815301076,1909f56bfc062723c751e8b465ee728b)
Start importing Assets/Pure Poly/Free Low Poly Nature Pack/Prefabs/PP_Grass_15.prefab using Guid(b8217b9c1183a5144b666d1dd63980c4) Importer(815301076,1909f56bfc062723c751e8b465ee728b)  -> (artifact id: 'add99133638a0658091440694814029a') in 0.035459 seconds 
  Import took 0.040151 seconds .

========================================================================
Received Import Request.
  Time since last request: 0.000232 seconds.
  path: Assets/Pure Poly/Free Low Poly Nature Pack/Prefabs/PP_Forest_Mountain_Moss_01.prefab
  artifactKey: Guid(512b72c73a22e904d87662ebca8eb1e1) Importer(815301076,1909f56bfc062723c751e8b465ee728b)
Start importing Assets/Pure Poly/Free Low Poly Nature Pack/Prefabs/PP_Forest_Mountain_Moss_01.prefab using Guid(512b72c73a22e904d87662ebca8eb1e1) Importer(815301076,1909f56bfc062723c751e8b465ee728b)  -> (artifact id: 'f65c19861075a401443dd7c587ec9386') in 0.031725 seconds 
  Import took 0.036213 seconds .

========================================================================
Received Import Request.
  Time since last request: 0.000371 seconds.
  path: Assets/Pure Poly/Free Low Poly Nature Pack/Prefabs/PP_Rock_Moss_Grown_09.prefab
  artifactKey: Guid(24457fdf8e66c3c49b7599931e0fdcb2) Importer(815301076,1909f56bfc062723c751e8b465ee728b)
Start importing Assets/Pure Poly/Free Low Poly Nature Pack/Prefabs/PP_Rock_Moss_Grown_09.prefab using Guid(24457fdf8e66c3c49b7599931e0fdcb2) Importer(815301076,1909f56bfc062723c751e8b465ee728b)  -> (artifact id: 'f4fe7f6712abc6a53139ce805923110f') in 0.034924 seconds 
  Import took 0.038675 seconds .

========================================================================
Received Import Request.
  Time since last request: 0.000199 seconds.
  path: Assets/Pure Poly/Free Low Poly Nature Pack/Prefabs/PP_Rock_Moss_Grown_11.prefab
  artifactKey: Guid(a524090786e7ba545bd5ce3d24c9a3fb) Importer(815301076,1909f56bfc062723c751e8b465ee728b)
Start importing Assets/Pure Poly/Free Low Poly Nature Pack/Prefabs/PP_Rock_Moss_Grown_11.prefab using Guid(a524090786e7ba545bd5ce3d24c9a3fb) Importer(815301076,1909f56bfc062723c751e8b465ee728b)  -> (artifact id: 'a2901149cc5c06bbd7de406f7de64979') in 0.038781 seconds 
  Import took 0.042194 seconds .

========================================================================
Received Import Request.
  Time since last request: 0.000191 seconds.
  path: Assets/Pure Poly/Free Low Poly Nature Pack/Prefabs/PP_Rock_Pile_Forest_Moss_05.prefab
  artifactKey: Guid(9a91bc2b0a89c4748a0c5b940bd461a7) Importer(815301076,1909f56bfc062723c751e8b465ee728b)
Start importing Assets/Pure Poly/Free Low Poly Nature Pack/Prefabs/PP_Rock_Pile_Forest_Moss_05.prefab using Guid(9a91bc2b0a89c4748a0c5b940bd461a7) Importer(815301076,1909f56bfc062723c751e8b465ee728b)  -> (artifact id: 'd0bbff73d7e96d411cb476b75f429424') in 0.026819 seconds 
  Import took 0.030840 seconds .

========================================================================
Received Import Request.
  Time since last request: 0.000288 seconds.
  path: Assets/Pure Poly/Free Low Poly Nature Pack/Prefabs/PP_Mushroom_Fantasy_Orange_10.prefab
  artifactKey: Guid(eae42a57b046b1a42a79ae6319bccca3) Importer(815301076,1909f56bfc062723c751e8b465ee728b)
Start importing Assets/Pure Poly/Free Low Poly Nature Pack/Prefabs/PP_Mushroom_Fantasy_Orange_10.prefab using Guid(eae42a57b046b1a42a79ae6319bccca3) Importer(815301076,1909f56bfc062723c751e8b465ee728b)  -> (artifact id: '1aff6a1c346a1a3fcb77ceef3955f826') in 0.025446 seconds 
  Import took 0.030154 seconds .

========================================================================
Received Import Request.
  Time since last request: 0.000320 seconds.
  path: Assets/Pure Poly/Free Low Poly Nature Pack/Prefabs/PP_Daffodil_03.prefab
  artifactKey: Guid(13dd10d6717971d4ea9125d158299b1e) Importer(815301076,1909f56bfc062723c751e8b465ee728b)
Start importing Assets/Pure Poly/Free Low Poly Nature Pack/Prefabs/PP_Daffodil_03.prefab using Guid(13dd10d6717971d4ea9125d158299b1e) Importer(815301076,1909f56bfc062723c751e8b465ee728b)  -> (artifact id: '70edef43e89d272e1df9198af9c078c1') in 0.027507 seconds 
  Import took 0.032401 seconds .

========================================================================
Received Import Request.
  Time since last request: 0.000312 seconds.
  path: Assets/Pure Poly/Free Low Poly Nature Pack/Prefabs/PP_Lake_Ground_04.prefab
  artifactKey: Guid(66072c42e7f38924f90a2ea3e36cc606) Importer(815301076,1909f56bfc062723c751e8b465ee728b)
Start importing Assets/Pure Poly/Free Low Poly Nature Pack/Prefabs/PP_Lake_Ground_04.prefab using Guid(66072c42e7f38924f90a2ea3e36cc606) Importer(815301076,1909f56bfc062723c751e8b465ee728b)  -> (artifact id: '9cdedac0e1d41090f58e0fc0eaa0f8fa') in 0.028372 seconds 
  Import took 0.032342 seconds .

========================================================================
Received Import Request.
  Time since last request: 0.000251 seconds.
  path: Assets/Pure Poly/Free Low Poly Nature Pack/Prefabs/PP_Meadow_08.prefab
  artifactKey: Guid(7baba197ce36c92439b423eabaad3737) Importer(815301076,1909f56bfc062723c751e8b465ee728b)
Start importing Assets/Pure Poly/Free Low Poly Nature Pack/Prefabs/PP_Meadow_08.prefab using Guid(7baba197ce36c92439b423eabaad3737) Importer(815301076,1909f56bfc062723c751e8b465ee728b)  -> (artifact id: '3239702a8f5b253b74203ec6624dc500') in 0.027849 seconds 
  Import took 0.031707 seconds .

========================================================================
Received Import Request.
  Time since last request: 0.000293 seconds.
  path: Assets/Pure Poly/Free Low Poly Nature Pack/Prefabs/PP_Forest_Mountain_Moss_02.prefab
  artifactKey: Guid(034023ff02a37fc47aab6bc6c49bf15b) Importer(815301076,1909f56bfc062723c751e8b465ee728b)
Start importing Assets/Pure Poly/Free Low Poly Nature Pack/Prefabs/PP_Forest_Mountain_Moss_02.prefab using Guid(034023ff02a37fc47aab6bc6c49bf15b) Importer(815301076,1909f56bfc062723c751e8b465ee728b)  -> (artifact id: '1cdc8810ae4fccef2b78d70b46af6d5e') in 0.027790 seconds 
  Import took 0.032419 seconds .

========================================================================
Received Import Request.
  Time since last request: 0.000248 seconds.
  path: Assets/Pure Poly/Free Low Poly Nature Pack/Prefabs/PP_Hyacinth_04.prefab
  artifactKey: Guid(194e9111af0c33840a49d573f2b26952) Importer(815301076,1909f56bfc062723c751e8b465ee728b)
Start importing Assets/Pure Poly/Free Low Poly Nature Pack/Prefabs/PP_Hyacinth_04.prefab using Guid(194e9111af0c33840a49d573f2b26952) Importer(815301076,1909f56bfc062723c751e8b465ee728b)  -> (artifact id: 'ce4e7e9348e213fdf45a371c85e052fe') in 0.029946 seconds 
  Import took 0.033526 seconds .

========================================================================
Received Import Request.
  Time since last request: 0.000239 seconds.
  path: Assets/Pure Poly/Free Low Poly Nature Pack/Prefabs/PP_Rock_Pile_Forest_Moss_10.prefab
  artifactKey: Guid(c8134dd87be4906419f13922ddc5bf4f) Importer(815301076,1909f56bfc062723c751e8b465ee728b)
Start importing Assets/Pure Poly/Free Low Poly Nature Pack/Prefabs/PP_Rock_Pile_Forest_Moss_10.prefab using Guid(c8134dd87be4906419f13922ddc5bf4f) Importer(815301076,1909f56bfc062723c751e8b465ee728b)  -> (artifact id: '38507ee05a7f4c98662562c40e928cb6') in 0.029096 seconds 
  Import took 0.033164 seconds .

========================================================================
Received Import Request.
  Time since last request: 0.000233 seconds.
  path: Assets/Pure Poly/Free Low Poly Nature Pack/Prefabs/PP_Mushroom_Fantasy_Purple_08.prefab
  artifactKey: Guid(d3ee913ed32937344b0587e70dc777a2) Importer(815301076,1909f56bfc062723c751e8b465ee728b)
Start importing Assets/Pure Poly/Free Low Poly Nature Pack/Prefabs/PP_Mushroom_Fantasy_Purple_08.prefab using Guid(d3ee913ed32937344b0587e70dc777a2) Importer(815301076,1909f56bfc062723c751e8b465ee728b)  -> (artifact id: 'd081d1be29ad290e3e49711592a60cff') in 0.029769 seconds 
  Import took 0.035371 seconds .

========================================================================
Received Import Request.
  Time since last request: 0.000249 seconds.
  path: Assets/Pure Poly/Free Low Poly Nature Pack/Prefabs/PP_Tree_10.prefab
  artifactKey: Guid(273b8f4150121d249ac7e2fd11da7005) Importer(815301076,1909f56bfc062723c751e8b465ee728b)
Start importing Assets/Pure Poly/Free Low Poly Nature Pack/Prefabs/PP_Tree_10.prefab using Guid(273b8f4150121d249ac7e2fd11da7005) Importer(815301076,1909f56bfc062723c751e8b465ee728b)  -> (artifact id: 'ba38e4316ae2ce4126ee9ccd54accc65') in 0.028725 seconds 
  Import took 0.032244 seconds .

========================================================================
Received Import Request.
  Time since last request: 0.000302 seconds.
  path: Assets/Pure Poly/Free Low Poly Nature Pack/Prefabs/PP_Meadow_Path_05.prefab
  artifactKey: Guid(d5b8de414112a004a82d0437b5f7a780) Importer(815301076,1909f56bfc062723c751e8b465ee728b)
Start importing Assets/Pure Poly/Free Low Poly Nature Pack/Prefabs/PP_Meadow_Path_05.prefab using Guid(d5b8de414112a004a82d0437b5f7a780) Importer(815301076,1909f56bfc062723c751e8b465ee728b)  -> (artifact id: '96bc38a4b7af4a296afa2ae66b957d0c') in 0.028677 seconds 
  Import took 0.032309 seconds .

========================================================================
Received Import Request.
  Time since last request: 0.000230 seconds.
  path: Assets/Pure Poly/Free Low Poly Nature Pack/Prefabs/PP_Grass_11.prefab
  artifactKey: Guid(ef62619642b0df743b22dd5120c6ac4d) Importer(815301076,1909f56bfc062723c751e8b465ee728b)
Start importing Assets/Pure Poly/Free Low Poly Nature Pack/Prefabs/PP_Grass_11.prefab using Guid(ef62619642b0df743b22dd5120c6ac4d) Importer(815301076,1909f56bfc062723c751e8b465ee728b)  -> (artifact id: 'e1f4a60c2002466fe3b5df8b71369dcf') in 0.035656 seconds 
  Import took 0.039786 seconds .

========================================================================
Received Import Request.
  Time since last request: 27.934178 seconds.
  path: Assets/Pure Poly/Free Low Poly Nature Pack/Textures/PP_Color_Palette.png
  artifactKey: Guid(cffb506ec5b6cc94498def65473d32ed) Importer(815301076,1909f56bfc062723c751e8b465ee728b)
Start importing Assets/Pure Poly/Free Low Poly Nature Pack/Textures/PP_Color_Palette.png using Guid(cffb506ec5b6cc94498def65473d32ed) Importer(815301076,1909f56bfc062723c751e8b465ee728b)  -> (artifact id: 'f3736b9c7536020e8d8b67e53dd61bea') in 0.031592 seconds 
  Import took 0.036267 seconds .

========================================================================
Received Import Request.
  Time since last request: 30.039937 seconds.
  path: Assets/Material/Snow.mat
  artifactKey: Guid(3e111670078783a41aa2be4837ffa3c5) Importer(815301076,1909f56bfc062723c751e8b465ee728b)
Start importing Assets/Material/Snow.mat using Guid(3e111670078783a41aa2be4837ffa3c5) Importer(815301076,1909f56bfc062723c751e8b465ee728b)  -> (artifact id: 'a4f76f07a1a30b81faa4938da6bae05d') in 0.030600 seconds 
  Import took 0.038551 seconds .

========================================================================
Received Import Request.
  Time since last request: 186.886103 seconds.
  path: Assets/Pure Poly/Free Low Poly Nature Pack/Meshes/PP_Birch_Tree_05.fbx
  artifactKey: Guid(d721af70c8ba1ab4daa81f30de0dbb54) Importer(815301076,1909f56bfc062723c751e8b465ee728b)
Start importing Assets/Pure Poly/Free Low Poly Nature Pack/Meshes/PP_Birch_Tree_05.fbx using Guid(d721af70c8ba1ab4daa81f30de0dbb54) Importer(815301076,1909f56bfc062723c751e8b465ee728b)  -> (artifact id: '0d72d49a39d802f87eee20d5fc9940f0') in 0.028477 seconds 
  Import took 0.035415 seconds .

========================================================================
Received Import Request.
  Time since last request: 0.000252 seconds.
  path: Assets/Pure Poly/Free Low Poly Nature Pack/Meshes/PP_Mushroom_Fantasy_Orange_10.fbx
  artifactKey: Guid(769bcb364254fc84f86c3bde2b625a9f) Importer(815301076,1909f56bfc062723c751e8b465ee728b)
Start importing Assets/Pure Poly/Free Low Poly Nature Pack/Meshes/PP_Mushroom_Fantasy_Orange_10.fbx using Guid(769bcb364254fc84f86c3bde2b625a9f) Importer(815301076,1909f56bfc062723c751e8b465ee728b)  -> (artifact id: '3ce09b91e5859563047f8a17655ac5cd') in 0.064158 seconds 
  Import took 0.069541 seconds .

========================================================================
Received Import Request.
  Time since last request: 0.000231 seconds.
  path: Assets/Pure Poly/Free Low Poly Nature Pack/Meshes/PP_Hyacinth_04.fbx
  artifactKey: Guid(46d171de72518e343891c4b4c03e5103) Importer(815301076,1909f56bfc062723c751e8b465ee728b)
Start importing Assets/Pure Poly/Free Low Poly Nature Pack/Meshes/PP_Hyacinth_04.fbx using Guid(46d171de72518e343891c4b4c03e5103) Importer(815301076,1909f56bfc062723c751e8b465ee728b)  -> (artifact id: 'd250c8a6980fab228b0f9b025cca92fe') in 0.050404 seconds 
  Import took 0.053532 seconds .

========================================================================
Received Import Request.
  Time since last request: 0.000260 seconds.
  path: Assets/Pure Poly/Free Low Poly Nature Pack/Meshes/PP_Forest_Mountain_Moss_01.fbx
  artifactKey: Guid(d818648c1b009ab48a03dbcc4ae09583) Importer(815301076,1909f56bfc062723c751e8b465ee728b)
Start importing Assets/Pure Poly/Free Low Poly Nature Pack/Meshes/PP_Forest_Mountain_Moss_01.fbx using Guid(d818648c1b009ab48a03dbcc4ae09583) Importer(815301076,1909f56bfc062723c751e8b465ee728b)  -> (artifact id: '99801d8834b794d19ce947b3f9d587fd') in 0.057867 seconds 
  Import took 0.062269 seconds .

========================================================================
Received Import Request.
  Time since last request: 0.000212 seconds.
  path: Assets/Pure Poly/Free Low Poly Nature Pack/Meshes/PP_Birch_Tree_06.fbx
  artifactKey: Guid(ddd36401006c8654eae1d9a6bcd6380d) Importer(815301076,1909f56bfc062723c751e8b465ee728b)
Start importing Assets/Pure Poly/Free Low Poly Nature Pack/Meshes/PP_Birch_Tree_06.fbx using Guid(ddd36401006c8654eae1d9a6bcd6380d) Importer(815301076,1909f56bfc062723c751e8b465ee728b)  -> (artifact id: '2226f8e7d537894fe93b564c74e060fb') in 0.059913 seconds 
  Import took 0.066322 seconds .

========================================================================
Received Import Request.
  Time since last request: 0.000062 seconds.
  path: Assets/Pure Poly/Free Low Poly Nature Pack/Meshes/PP_Meadow_Path_05.fbx
  artifactKey: Guid(324d33f3ad1481c4e8ba55d696fe64d9) Importer(815301076,1909f56bfc062723c751e8b465ee728b)
Start importing Assets/Pure Poly/Free Low Poly Nature Pack/Meshes/PP_Meadow_Path_05.fbx using Guid(324d33f3ad1481c4e8ba55d696fe64d9) Importer(815301076,1909f56bfc062723c751e8b465ee728b)  -> (artifact id: 'e717702d041a4c5a20fe0746d9568028') in 0.074928 seconds 
  Import took 0.079157 seconds .

========================================================================
Received Import Request.
  Time since last request: 0.000246 seconds.
  path: Assets/Pure Poly/Free Low Poly Nature Pack/Meshes/PP_Mushroom_Fantasy_Orange_09.fbx
  artifactKey: Guid(43f6c6253561ce74b9f993709176caff) Importer(815301076,1909f56bfc062723c751e8b465ee728b)
Start importing Assets/Pure Poly/Free Low Poly Nature Pack/Meshes/PP_Mushroom_Fantasy_Orange_09.fbx using Guid(43f6c6253561ce74b9f993709176caff) Importer(815301076,1909f56bfc062723c751e8b465ee728b)  -> (artifact id: '5140df77023d267b28003e5abbca9451') in 0.039126 seconds 
  Import took 0.043115 seconds .

========================================================================
Received Import Request.
  Time since last request: 0.000313 seconds.
  path: Assets/Pure Poly/Free Low Poly Nature Pack/Meshes/PP_Grass_15.fbx
  artifactKey: Guid(ac41480a091ee2446a41d386b366ae44) Importer(815301076,1909f56bfc062723c751e8b465ee728b)
Start importing Assets/Pure Poly/Free Low Poly Nature Pack/Meshes/PP_Grass_15.fbx using Guid(ac41480a091ee2446a41d386b366ae44) Importer(815301076,1909f56bfc062723c751e8b465ee728b)  -> (artifact id: '38fbd4330b98c964984b76a27ee346ae') in 0.044938 seconds 
  Import took 0.050987 seconds .

========================================================================
Received Import Request.
  Time since last request: 0.000236 seconds.
  path: Assets/Pure Poly/Free Low Poly Nature Pack/Meshes/PP_Sunflower_04.fbx
  artifactKey: Guid(5374e258aa8b0a54b9ad017e47f849ec) Importer(815301076,1909f56bfc062723c751e8b465ee728b)
Start importing Assets/Pure Poly/Free Low Poly Nature Pack/Meshes/PP_Sunflower_04.fbx using Guid(5374e258aa8b0a54b9ad017e47f849ec) Importer(815301076,1909f56bfc062723c751e8b465ee728b)  -> (artifact id: '1c690c048c3733d1456184ea632084b5') in 0.051502 seconds 
  Import took 0.055452 seconds .

========================================================================
Received Import Request.
  Time since last request: 0.000184 seconds.
  path: Assets/Pure Poly/Free Low Poly Nature Pack/Meshes/PP_Daffodil_03.fbx
  artifactKey: Guid(4e40842238bcca046a7c50ffff32b019) Importer(815301076,1909f56bfc062723c751e8b465ee728b)
Start importing Assets/Pure Poly/Free Low Poly Nature Pack/Meshes/PP_Daffodil_03.fbx using Guid(4e40842238bcca046a7c50ffff32b019) Importer(815301076,1909f56bfc062723c751e8b465ee728b)  -> (artifact id: '14f7ecc1932c1262aad04242751e9bd4') in 0.040722 seconds 
  Import took 0.045146 seconds .

========================================================================
Received Import Request.
  Time since last request: 0.000219 seconds.
  path: Assets/Pure Poly/Free Low Poly Nature Pack/Meshes/PP_Forest_Mountain_Moss_02.fbx
  artifactKey: Guid(0a4e8c0b5a685eb4394da10424e65a7a) Importer(815301076,1909f56bfc062723c751e8b465ee728b)
Start importing Assets/Pure Poly/Free Low Poly Nature Pack/Meshes/PP_Forest_Mountain_Moss_02.fbx using Guid(0a4e8c0b5a685eb4394da10424e65a7a) Importer(815301076,1909f56bfc062723c751e8b465ee728b)  -> (artifact id: '2ac80cb8827ae1536f18b956a0514881') in 0.050111 seconds 
  Import took 0.053955 seconds .

========================================================================
Received Import Request.
  Time since last request: 0.000178 seconds.
  path: Assets/Pure Poly/Free Low Poly Nature Pack/Meshes/PP_Mushroom_Fantasy_Purple_08.fbx
  artifactKey: Guid(6aac2ae04e9a93646918391471e1a564) Importer(815301076,1909f56bfc062723c751e8b465ee728b)
Start importing Assets/Pure Poly/Free Low Poly Nature Pack/Meshes/PP_Mushroom_Fantasy_Purple_08.fbx using Guid(6aac2ae04e9a93646918391471e1a564) Importer(815301076,1909f56bfc062723c751e8b465ee728b)  -> (artifact id: '770651101b5c9c9f74af8aff8252b558') in 0.048917 seconds 
  Import took 0.052425 seconds .

========================================================================
Received Import Request.
  Time since last request: 0.000235 seconds.
  path: Assets/Pure Poly/Free Low Poly Nature Pack/Meshes/PP_Meadow_08.fbx
  artifactKey: Guid(08eefc2f613faa34fbb717ac2142af0a) Importer(815301076,1909f56bfc062723c751e8b465ee728b)
Start importing Assets/Pure Poly/Free Low Poly Nature Pack/Meshes/PP_Meadow_08.fbx using Guid(08eefc2f613faa34fbb717ac2142af0a) Importer(815301076,1909f56bfc062723c751e8b465ee728b)  -> (artifact id: '6bbc9d0810269f92db997d939eb8e305') in 0.051570 seconds 
  Import took 0.055472 seconds .

========================================================================
Received Import Request.
  Time since last request: 0.000175 seconds.
  path: Assets/Pure Poly/Free Low Poly Nature Pack/Meshes/PP_Lake_Ground_04.fbx
  artifactKey: Guid(38b178f6a1ea19f4baf761918779b712) Importer(815301076,1909f56bfc062723c751e8b465ee728b)
Start importing Assets/Pure Poly/Free Low Poly Nature Pack/Meshes/PP_Lake_Ground_04.fbx using Guid(38b178f6a1ea19f4baf761918779b712) Importer(815301076,1909f56bfc062723c751e8b465ee728b)  -> (artifact id: '4fcb810302675be2abd2142fbac29578') in 0.070219 seconds 
  Import took 0.074122 seconds .

========================================================================
Received Import Request.
  Time since last request: 0.000223 seconds.
  path: Assets/Pure Poly/Free Low Poly Nature Pack/Meshes/PP_Rock_Pile_Forest_Moss_05.fbx
  artifactKey: Guid(b0ba9b7cecd675b45894beca57389899) Importer(815301076,1909f56bfc062723c751e8b465ee728b)
Start importing Assets/Pure Poly/Free Low Poly Nature Pack/Meshes/PP_Rock_Pile_Forest_Moss_05.fbx using Guid(b0ba9b7cecd675b45894beca57389899) Importer(815301076,1909f56bfc062723c751e8b465ee728b)  -> (artifact id: 'fde3b506dd1420edddd19ec706f6df1a') in 0.057034 seconds 
  Import took 0.062218 seconds .

========================================================================
Received Import Request.
  Time since last request: 0.000219 seconds.
  path: Assets/Pure Poly/Free Low Poly Nature Pack/Meshes/PP_Meadow_07.fbx
  artifactKey: Guid(5d113e0df0acd474cb544e13e9327875) Importer(815301076,1909f56bfc062723c751e8b465ee728b)
Start importing Assets/Pure Poly/Free Low Poly Nature Pack/Meshes/PP_Meadow_07.fbx using Guid(5d113e0df0acd474cb544e13e9327875) Importer(815301076,1909f56bfc062723c751e8b465ee728b)  -> (artifact id: 'd017880809b1a5a2f9bbab84d08001b6') in 0.048774 seconds 
  Import took 0.055250 seconds .

========================================================================
Received Import Request.
  Time since last request: 0.000194 seconds.
  path: Assets/Pure Poly/Free Low Poly Nature Pack/Meshes/PP_Grass_11.fbx
  artifactKey: Guid(b50dd34feb8fa1b4fa5aa0a7d2271066) Importer(815301076,1909f56bfc062723c751e8b465ee728b)
Start importing Assets/Pure Poly/Free Low Poly Nature Pack/Meshes/PP_Grass_11.fbx using Guid(b50dd34feb8fa1b4fa5aa0a7d2271066) Importer(815301076,1909f56bfc062723c751e8b465ee728b)  -> (artifact id: '69a3b91d69637c16fec1ebdea8d30928') in 0.049090 seconds 
  Import took 0.062233 seconds .

========================================================================
Received Import Request.
  Time since last request: 0.000207 seconds.
  path: Assets/Pure Poly/Free Low Poly Nature Pack/Meshes/PP_Mushroom_Fantasy_Purple_05.fbx
  artifactKey: Guid(7259cce9d7302d44a8f8bf53cb1bc376) Importer(815301076,1909f56bfc062723c751e8b465ee728b)
Start importing Assets/Pure Poly/Free Low Poly Nature Pack/Meshes/PP_Mushroom_Fantasy_Purple_05.fbx using Guid(7259cce9d7302d44a8f8bf53cb1bc376) Importer(815301076,1909f56bfc062723c751e8b465ee728b)  -> (artifact id: '92b24d4b0f63ca9065998b0f70e3a08d') in 0.053308 seconds 
  Import took 0.061684 seconds .

========================================================================
Received Import Request.
  Time since last request: 0.000219 seconds.
  path: Assets/Pure Poly/Free Low Poly Nature Pack/Meshes/PP_Rock_Moss_Grown_09.fbx
  artifactKey: Guid(3184c8a016da6e34abff1686da99650b) Importer(815301076,1909f56bfc062723c751e8b465ee728b)
Start importing Assets/Pure Poly/Free Low Poly Nature Pack/Meshes/PP_Rock_Moss_Grown_09.fbx using Guid(3184c8a016da6e34abff1686da99650b) Importer(815301076,1909f56bfc062723c751e8b465ee728b)  -> (artifact id: 'a3e4acfa2939a7d07c2c0ad066c948d5') in 0.067291 seconds 
  Import took 0.072253 seconds .

========================================================================
Received Import Request.
  Time since last request: 0.000227 seconds.
  path: Assets/Pure Poly/Free Low Poly Nature Pack/Meshes/PP_Rock_Moss_Grown_11.fbx
  artifactKey: Guid(7ed75b99c26237b4d844c1581c5da1b2) Importer(815301076,1909f56bfc062723c751e8b465ee728b)
Start importing Assets/Pure Poly/Free Low Poly Nature Pack/Meshes/PP_Rock_Moss_Grown_11.fbx using Guid(7ed75b99c26237b4d844c1581c5da1b2) Importer(815301076,1909f56bfc062723c751e8b465ee728b)  -> (artifact id: '512324a0008e96da84efc0d69bd83c19') in 0.062004 seconds 
  Import took 0.067163 seconds .

========================================================================
Received Import Request.
  Time since last request: 0.000199 seconds.
  path: Assets/Pure Poly/Free Low Poly Nature Pack/Meshes/PP_Tree_02.fbx
  artifactKey: Guid(c6b568bf9e55de141add501b8cd2a0e9) Importer(815301076,1909f56bfc062723c751e8b465ee728b)
Start importing Assets/Pure Poly/Free Low Poly Nature Pack/Meshes/PP_Tree_02.fbx using Guid(c6b568bf9e55de141add501b8cd2a0e9) Importer(815301076,1909f56bfc062723c751e8b465ee728b)  -> (artifact id: 'b8ce2ef40a47ce96ffdf01414164b6d9') in 0.068858 seconds 
  Import took 0.075253 seconds .

========================================================================
Received Import Request.
  Time since last request: 0.000219 seconds.
  path: Assets/Pure Poly/Free Low Poly Nature Pack/Meshes/PP_Tree_10.fbx
  artifactKey: Guid(a3ccb41ae53c6bf4bb0a5bfc470bf069) Importer(815301076,1909f56bfc062723c751e8b465ee728b)
Start importing Assets/Pure Poly/Free Low Poly Nature Pack/Meshes/PP_Tree_10.fbx using Guid(a3ccb41ae53c6bf4bb0a5bfc470bf069) Importer(815301076,1909f56bfc062723c751e8b465ee728b)  -> (artifact id: 'bb9bf73d7a8b55b5647919510f026210') in 0.064217 seconds 
  Import took 0.070841 seconds .

========================================================================
Received Import Request.
  Time since last request: 0.000094 seconds.
  path: Assets/Pure Poly/Free Low Poly Nature Pack/Meshes/PP_Rock_Pile_Forest_Moss_10.fbx
  artifactKey: Guid(7ea25f0f06a711d48a2bd754e29ecb0e) Importer(815301076,1909f56bfc062723c751e8b465ee728b)
Start importing Assets/Pure Poly/Free Low Poly Nature Pack/Meshes/PP_Rock_Pile_Forest_Moss_10.fbx using Guid(7ea25f0f06a711d48a2bd754e29ecb0e) Importer(815301076,1909f56bfc062723c751e8b465ee728b)  -> (artifact id: '48989553720ebebcb1cc4fdb94970126') in 0.053705 seconds 
  Import took 0.059082 seconds .

========================================================================
Received Import Request.
  Time since last request: 1210.567107 seconds.
  path: Assets/BrokenVector/LowPolyCliffPack/Prefabs/Clifftile Concave.prefab
  artifactKey: Guid(0e9835138ad5dba4eba43667ec61532b) Importer(815301076,1909f56bfc062723c751e8b465ee728b)
Start importing Assets/BrokenVector/LowPolyCliffPack/Prefabs/Clifftile Concave.prefab using Guid(0e9835138ad5dba4eba43667ec61532b) Importer(815301076,1909f56bfc062723c751e8b465ee728b)  -> (artifact id: 'e48dacff95ba6d1e210f1ccaf528f170') in 0.021740 seconds 
  Import took 0.025728 seconds .

========================================================================
Received Import Request.
  Time since last request: 0.000201 seconds.
  path: Assets/BrokenVector/LowPolyCliffPack/Prefabs/Clifftile Convex.prefab
  artifactKey: Guid(62e60247eb7840d418f372425884878d) Importer(815301076,1909f56bfc062723c751e8b465ee728b)
Start importing Assets/BrokenVector/LowPolyCliffPack/Prefabs/Clifftile Convex.prefab using Guid(62e60247eb7840d418f372425884878d) Importer(815301076,1909f56bfc062723c751e8b465ee728b)  -> (artifact id: '7694c24877e01e209c11b24106112ec2') in 0.025937 seconds 
  Import took 0.029522 seconds .

========================================================================
Received Import Request.
  Time since last request: 0.000479 seconds.
  path: Assets/BrokenVector/LowPolyCliffPack/Prefabs/Clifftile Pass 1.prefab
  artifactKey: Guid(afaddd4006a62a74abdae8f295e71be9) Importer(815301076,1909f56bfc062723c751e8b465ee728b)
Start importing Assets/BrokenVector/LowPolyCliffPack/Prefabs/Clifftile Pass 1.prefab using Guid(afaddd4006a62a74abdae8f295e71be9) Importer(815301076,1909f56bfc062723c751e8b465ee728b)  -> (artifact id: 'bde8feeaac69391ac191a7e0ff4bc0f2') in 0.032273 seconds 
  Import took 0.037248 seconds .

========================================================================
Received Import Request.
  Time since last request: 0.000222 seconds.
  path: Assets/BrokenVector/LowPolyCliffPack/Prefabs/Rocktile Diagonal.prefab
  artifactKey: Guid(7a160d313e6ca0c4d8d3191f76fc0fce) Importer(815301076,1909f56bfc062723c751e8b465ee728b)
Start importing Assets/BrokenVector/LowPolyCliffPack/Prefabs/Rocktile Diagonal.prefab using Guid(7a160d313e6ca0c4d8d3191f76fc0fce) Importer(815301076,1909f56bfc062723c751e8b465ee728b)  -> (artifact id: '80a87643d3b56067993d01f6136bc3bc') in 0.027490 seconds 
  Import took 0.033007 seconds .

========================================================================
Received Import Request.
  Time since last request: 0.000215 seconds.
  path: Assets/BrokenVector/LowPolyCliffPack/Prefabs/Clifftile Pass 2.prefab
  artifactKey: Guid(d7be01913fd43c542a7c03fa290742fa) Importer(815301076,1909f56bfc062723c751e8b465ee728b)
Start importing Assets/BrokenVector/LowPolyCliffPack/Prefabs/Clifftile Pass 2.prefab using Guid(d7be01913fd43c542a7c03fa290742fa) Importer(815301076,1909f56bfc062723c751e8b465ee728b)  -> (artifact id: '2b9f64bb2ea2465fe3b5069dd655a0f8') in 0.027753 seconds 
  Import took 0.032896 seconds .

========================================================================
Received Import Request.
  Time since last request: 0.000196 seconds.
  path: Assets/BrokenVector/LowPolyCliffPack/Prefabs/Rocktile Straight 2.prefab
  artifactKey: Guid(9447ff023d0aaf84f85f4d030320cd33) Importer(815301076,1909f56bfc062723c751e8b465ee728b)
Start importing Assets/BrokenVector/LowPolyCliffPack/Prefabs/Rocktile Straight 2.prefab using Guid(9447ff023d0aaf84f85f4d030320cd33) Importer(815301076,1909f56bfc062723c751e8b465ee728b)  -> (artifact id: 'a6e58594c45665960e15e5f7e18d8a02') in 0.027564 seconds 
  Import took 0.033194 seconds .

========================================================================
Received Import Request.
  Time since last request: 0.000225 seconds.
  path: Assets/BrokenVector/LowPolyCliffPack/Prefabs/Rocktile Convex.prefab
  artifactKey: Guid(7b6003e95a5e8044389546d65fb058ec) Importer(815301076,1909f56bfc062723c751e8b465ee728b)
Start importing Assets/BrokenVector/LowPolyCliffPack/Prefabs/Rocktile Convex.prefab using Guid(7b6003e95a5e8044389546d65fb058ec) Importer(815301076,1909f56bfc062723c751e8b465ee728b)  -> (artifact id: '46f249d0ea434b1940b9b1e8ed826ed5') in 0.027231 seconds 
  Import took 0.032760 seconds .

========================================================================
Received Import Request.
  Time since last request: 0.000223 seconds.
  path: Assets/BrokenVector/LowPolyCliffPack/Prefabs/Clifftile Connector 1.prefab
  artifactKey: Guid(c0cec80884ebdff49ba16c422cd781ad) Importer(815301076,1909f56bfc062723c751e8b465ee728b)
Start importing Assets/BrokenVector/LowPolyCliffPack/Prefabs/Clifftile Connector 1.prefab using Guid(c0cec80884ebdff49ba16c422cd781ad) Importer(815301076,1909f56bfc062723c751e8b465ee728b)  -> (artifact id: '5332409b5c87ec3ef88167d03a7756b1') in 0.031727 seconds 
  Import took 0.036576 seconds .

========================================================================
Received Import Request.
  Time since last request: 0.000207 seconds.
  path: Assets/BrokenVector/LowPolyCliffPack/Prefabs/Clifftile Connector 2.prefab
  artifactKey: Guid(797710b9cddb52647aa5e2345461502f) Importer(815301076,1909f56bfc062723c751e8b465ee728b)
Start importing Assets/BrokenVector/LowPolyCliffPack/Prefabs/Clifftile Connector 2.prefab using Guid(797710b9cddb52647aa5e2345461502f) Importer(815301076,1909f56bfc062723c751e8b465ee728b)  -> (artifact id: 'fbc62ee2c88081d22058667da426dcd8') in 0.032808 seconds 
  Import took 0.037524 seconds .

========================================================================
Received Import Request.
  Time since last request: 0.000212 seconds.
  path: Assets/BrokenVector/LowPolyCliffPack/Prefabs/Clifftile Diagonal.prefab
  artifactKey: Guid(80e74acf412f1f7419369c6003532087) Importer(815301076,1909f56bfc062723c751e8b465ee728b)
Start importing Assets/BrokenVector/LowPolyCliffPack/Prefabs/Clifftile Diagonal.prefab using Guid(80e74acf412f1f7419369c6003532087) Importer(815301076,1909f56bfc062723c751e8b465ee728b)  -> (artifact id: '87e0722b5a838d23d33b81734db4b084') in 0.027352 seconds 
  Import took 0.032694 seconds .

========================================================================
Received Import Request.
  Time since last request: 0.000275 seconds.
  path: Assets/BrokenVector/LowPolyCliffPack/Prefabs/Grasstile Convex.prefab
  artifactKey: Guid(769a9382f28132144be1d13e8384cfc4) Importer(815301076,1909f56bfc062723c751e8b465ee728b)
Start importing Assets/BrokenVector/LowPolyCliffPack/Prefabs/Grasstile Convex.prefab using Guid(769a9382f28132144be1d13e8384cfc4) Importer(815301076,1909f56bfc062723c751e8b465ee728b)  -> (artifact id: '1801da9dbc6923861d247f90a035fcf8') in 0.030220 seconds 
  Import took 0.034449 seconds .

========================================================================
Received Import Request.
  Time since last request: 0.000350 seconds.
  path: Assets/BrokenVector/LowPolyCliffPack/Prefabs/Clifftile Straight 2.prefab
  artifactKey: Guid(89628d1fa4c1244408401deb6dcd80c5) Importer(815301076,1909f56bfc062723c751e8b465ee728b)
Start importing Assets/BrokenVector/LowPolyCliffPack/Prefabs/Clifftile Straight 2.prefab using Guid(89628d1fa4c1244408401deb6dcd80c5) Importer(815301076,1909f56bfc062723c751e8b465ee728b)  -> (artifact id: 'f923e20d78d0558cf1e93e1a57c5f1af') in 0.025932 seconds 
  Import took 0.031071 seconds .

========================================================================
Received Import Request.
  Time since last request: 0.000256 seconds.
  path: Assets/BrokenVector/LowPolyCliffPack/Prefabs/Rocktile Straight 1.prefab
  artifactKey: Guid(76e8f3483e59e9245a3d8a6ccbed01ac) Importer(815301076,1909f56bfc062723c751e8b465ee728b)
Start importing Assets/BrokenVector/LowPolyCliffPack/Prefabs/Rocktile Straight 1.prefab using Guid(76e8f3483e59e9245a3d8a6ccbed01ac) Importer(815301076,1909f56bfc062723c751e8b465ee728b)  -> (artifact id: '835a3fdeefc3e915499ae963823452be') in 0.027961 seconds 
  Import took 0.032716 seconds .

========================================================================
Received Import Request.
  Time since last request: 0.000228 seconds.
  path: Assets/BrokenVector/LowPolyCliffPack/Prefabs/Clifftile Straight 1.prefab
  artifactKey: Guid(655cb50f5ad933442b422e60a97494bb) Importer(815301076,1909f56bfc062723c751e8b465ee728b)
Start importing Assets/BrokenVector/LowPolyCliffPack/Prefabs/Clifftile Straight 1.prefab using Guid(655cb50f5ad933442b422e60a97494bb) Importer(815301076,1909f56bfc062723c751e8b465ee728b)  -> (artifact id: '0e22dc8ec67abb76987b6fa037fb2c57') in 0.028346 seconds 
  Import took 0.033185 seconds .

========================================================================
Received Import Request.
  Time since last request: 0.000227 seconds.
  path: Assets/BrokenVector/LowPolyCliffPack/Prefabs/Grasstile Concave.prefab
  artifactKey: Guid(ae70de9015df2a942a144182d5917ae1) Importer(815301076,1909f56bfc062723c751e8b465ee728b)
Start importing Assets/BrokenVector/LowPolyCliffPack/Prefabs/Grasstile Concave.prefab using Guid(ae70de9015df2a942a144182d5917ae1) Importer(815301076,1909f56bfc062723c751e8b465ee728b)  -> (artifact id: '4038c6edd329ccee96f9d811d67b732b') in 0.025742 seconds 
  Import took 0.030209 seconds .

========================================================================
Received Import Request.
  Time since last request: 0.000209 seconds.
  path: Assets/BrokenVector/LowPolyCliffPack/Prefabs/Rocktile Pass.prefab
  artifactKey: Guid(9d97c296676698f4c9eb639317cc0e8b) Importer(815301076,1909f56bfc062723c751e8b465ee728b)
Start importing Assets/BrokenVector/LowPolyCliffPack/Prefabs/Rocktile Pass.prefab using Guid(9d97c296676698f4c9eb639317cc0e8b) Importer(815301076,1909f56bfc062723c751e8b465ee728b)  -> (artifact id: '8bcb4c636c4ce78203b4158c3fb53ad1') in 0.029052 seconds 
  Import took 0.033184 seconds .

========================================================================
Received Import Request.
  Time since last request: 0.000236 seconds.
  path: Assets/BrokenVector/LowPolyCliffPack/Prefabs/Grasstile Straight.prefab
  artifactKey: Guid(89d02998542d0c24ea73447f89e6304f) Importer(815301076,1909f56bfc062723c751e8b465ee728b)
Start importing Assets/BrokenVector/LowPolyCliffPack/Prefabs/Grasstile Straight.prefab using Guid(89d02998542d0c24ea73447f89e6304f) Importer(815301076,1909f56bfc062723c751e8b465ee728b)  -> (artifact id: 'a2089d52a1281c6713de5f02e95a124f') in 0.027893 seconds 
  Import took 0.033073 seconds .

========================================================================
Received Import Request.
  Time since last request: 4.082094 seconds.
  path: Assets/BrokenVector/LowPolyCliffPack/Textures/Colorscheme Grey.png
  artifactKey: Guid(631c1a6e38334d246a15c2f49d105a9d) Importer(815301076,1909f56bfc062723c751e8b465ee728b)
Start importing Assets/BrokenVector/LowPolyCliffPack/Textures/Colorscheme Grey.png using Guid(631c1a6e38334d246a15c2f49d105a9d) Importer(815301076,1909f56bfc062723c751e8b465ee728b)  -> (artifact id: '3b0fd0b5581db655d969236b5741e324') in 0.015209 seconds 
  Import took 0.018882 seconds .

========================================================================
Received Import Request.
  Time since last request: 0.000394 seconds.
  path: Assets/BrokenVector/LowPolyCliffPack/Textures/Colorscheme Yellow.png
  artifactKey: Guid(66f98752347ef1e4191665f82ff6af61) Importer(815301076,1909f56bfc062723c751e8b465ee728b)
Start importing Assets/BrokenVector/LowPolyCliffPack/Textures/Colorscheme Yellow.png using Guid(66f98752347ef1e4191665f82ff6af61) Importer(815301076,1909f56bfc062723c751e8b465ee728b)  -> (artifact id: '04670f071d5fca0b0277bf934f5a256e') in 0.019270 seconds 
  Import took 0.022617 seconds .

========================================================================
Received Import Request.
  Time since last request: 0.000222 seconds.
  path: Assets/BrokenVector/LowPolyCliffPack/Textures/Colorscheme Red.png
  artifactKey: Guid(37f5e9544549e6a4aa1a1b40e8da7f80) Importer(815301076,1909f56bfc062723c751e8b465ee728b)
Start importing Assets/BrokenVector/LowPolyCliffPack/Textures/Colorscheme Red.png using Guid(37f5e9544549e6a4aa1a1b40e8da7f80) Importer(815301076,1909f56bfc062723c751e8b465ee728b)  -> (artifact id: '7a129b2f66f65265ee947de3b32149c3') in 0.021043 seconds 
  Import took 0.025348 seconds .

========================================================================
Received Import Request.
  Time since last request: 0.905766 seconds.
  path: Assets/BrokenVector/LowPolyCliffPack/Models/Clifftile Concave.dae
  artifactKey: Guid(72d3e9c0a8221e84c878c19447c08447) Importer(815301076,1909f56bfc062723c751e8b465ee728b)
Start importing Assets/BrokenVector/LowPolyCliffPack/Models/Clifftile Concave.dae using Guid(72d3e9c0a8221e84c878c19447c08447) Importer(815301076,1909f56bfc062723c751e8b465ee728b)  -> (artifact id: '3336aa09d279ca95eecc4316487d2acb') in 0.019784 seconds 
  Import took 0.024064 seconds .

========================================================================
Received Import Request.
  Time since last request: 0.000297 seconds.
  path: Assets/BrokenVector/LowPolyCliffPack/Models/Clifftile Diagonal.dae
  artifactKey: Guid(65a0fc083db91114ab4198ec19e86c93) Importer(815301076,1909f56bfc062723c751e8b465ee728b)
Start importing Assets/BrokenVector/LowPolyCliffPack/Models/Clifftile Diagonal.dae using Guid(65a0fc083db91114ab4198ec19e86c93) Importer(815301076,1909f56bfc062723c751e8b465ee728b)  -> (artifact id: '4b9f09eddcefe6a56685bbf78fbf3358') in 0.032057 seconds 
  Import took 0.036682 seconds .

========================================================================
Received Import Request.
  Time since last request: 0.000276 seconds.
  path: Assets/BrokenVector/LowPolyCliffPack/Models/Clifftile Connector 1.dae
  artifactKey: Guid(0c22dfcb0ccb47f42871ef4a1ba9e325) Importer(815301076,1909f56bfc062723c751e8b465ee728b)
Start importing Assets/BrokenVector/LowPolyCliffPack/Models/Clifftile Connector 1.dae using Guid(0c22dfcb0ccb47f42871ef4a1ba9e325) Importer(815301076,1909f56bfc062723c751e8b465ee728b)  -> (artifact id: 'c5a501d8fd43817f98b884df29673edb') in 0.036219 seconds 
  Import took 0.041365 seconds .

========================================================================
Received Import Request.
  Time since last request: 0.000376 seconds.
  path: Assets/BrokenVector/LowPolyCliffPack/Models/Clifftile Convex.dae
  artifactKey: Guid(e32d5719741f7dd4f972f523484077f3) Importer(815301076,1909f56bfc062723c751e8b465ee728b)
Start importing Assets/BrokenVector/LowPolyCliffPack/Models/Clifftile Convex.dae using Guid(e32d5719741f7dd4f972f523484077f3) Importer(815301076,1909f56bfc062723c751e8b465ee728b)  -> (artifact id: '463824051b3005f825a7f2b0c7d77683') in 0.030586 seconds 
  Import took 0.036184 seconds .

========================================================================
Received Import Request.
  Time since last request: 0.000241 seconds.
  path: Assets/BrokenVector/LowPolyCliffPack/Models/Rocktile Straight 1.dae
  artifactKey: Guid(f76e5083330a1774887db1ec18848595) Importer(815301076,1909f56bfc062723c751e8b465ee728b)
Start importing Assets/BrokenVector/LowPolyCliffPack/Models/Rocktile Straight 1.dae using Guid(f76e5083330a1774887db1ec18848595) Importer(815301076,1909f56bfc062723c751e8b465ee728b)  -> (artifact id: '4828b9b8e6078f267f545884770ea33d') in 0.033610 seconds 
  Import took 0.037546 seconds .

========================================================================
Received Import Request.
  Time since last request: 0.000227 seconds.
  path: Assets/BrokenVector/LowPolyCliffPack/Models/Rocktile Straight 2.dae
  artifactKey: Guid(d1ed9fd5d302cc345a00651b089e707e) Importer(815301076,1909f56bfc062723c751e8b465ee728b)
Start importing Assets/BrokenVector/LowPolyCliffPack/Models/Rocktile Straight 2.dae using Guid(d1ed9fd5d302cc345a00651b089e707e) Importer(815301076,1909f56bfc062723c751e8b465ee728b)  -> (artifact id: '0622b57194a544883404c690e8c85cbd') in 0.038605 seconds 
  Import took 0.043679 seconds .

========================================================================
Received Import Request.
  Time since last request: 0.000373 seconds.
  path: Assets/BrokenVector/LowPolyCliffPack/Models/Rocktile Diagonal.dae
  artifactKey: Guid(08e493f868e98334b9561248a18cf969) Importer(815301076,1909f56bfc062723c751e8b465ee728b)
Start importing Assets/BrokenVector/LowPolyCliffPack/Models/Rocktile Diagonal.dae using Guid(08e493f868e98334b9561248a18cf969) Importer(815301076,1909f56bfc062723c751e8b465ee728b)  -> (artifact id: 'ad86b335662f40607afce17f95e6f1f3') in 0.028963 seconds 
  Import took 0.034617 seconds .

========================================================================
Received Import Request.
  Time since last request: 0.000249 seconds.
  path: Assets/BrokenVector/LowPolyCliffPack/Models/Clifftile Pass 1.dae
  artifactKey: Guid(4baa6dc1e84640745973ba84f8826e20) Importer(815301076,1909f56bfc062723c751e8b465ee728b)
Start importing Assets/BrokenVector/LowPolyCliffPack/Models/Clifftile Pass 1.dae using Guid(4baa6dc1e84640745973ba84f8826e20) Importer(815301076,1909f56bfc062723c751e8b465ee728b)  -> (artifact id: '6d178e746ef0027e1dde839bf320df58') in 0.032324 seconds 
  Import took 0.036380 seconds .

========================================================================
Received Import Request.
  Time since last request: 0.000256 seconds.
  path: Assets/BrokenVector/LowPolyCliffPack/Models/Clifftile Pass 2.dae
  artifactKey: Guid(b1f16bf1bfcc6d641892093d72002001) Importer(815301076,1909f56bfc062723c751e8b465ee728b)
Start importing Assets/BrokenVector/LowPolyCliffPack/Models/Clifftile Pass 2.dae using Guid(b1f16bf1bfcc6d641892093d72002001) Importer(815301076,1909f56bfc062723c751e8b465ee728b)  -> (artifact id: 'e75aa2e5c7cb1a3aa2e29bc6b1aa5cae') in 0.036550 seconds 
  Import took 0.041890 seconds .

========================================================================
Received Import Request.
  Time since last request: 0.000188 seconds.
  path: Assets/BrokenVector/LowPolyCliffPack/Models/Grasstile Concave.dae
  artifactKey: Guid(422502d5b0dc91d46a25ceb0db689b5d) Importer(815301076,1909f56bfc062723c751e8b465ee728b)
Start importing Assets/BrokenVector/LowPolyCliffPack/Models/Grasstile Concave.dae using Guid(422502d5b0dc91d46a25ceb0db689b5d) Importer(815301076,1909f56bfc062723c751e8b465ee728b)  -> (artifact id: 'c4f8648800657389650445ce9437bd08') in 0.032957 seconds 
  Import took 0.038141 seconds .

========================================================================
Received Import Request.
  Time since last request: 0.000225 seconds.
  path: Assets/BrokenVector/LowPolyCliffPack/Models/Rocktile Convex.dae
  artifactKey: Guid(28e76008f620a7e419b42b9a454d6203) Importer(815301076,1909f56bfc062723c751e8b465ee728b)
Start importing Assets/BrokenVector/LowPolyCliffPack/Models/Rocktile Convex.dae using Guid(28e76008f620a7e419b42b9a454d6203) Importer(815301076,1909f56bfc062723c751e8b465ee728b)  -> (artifact id: 'c81d10258531bd2fb82b796ef32a599c') in 0.031739 seconds 
  Import took 0.035959 seconds .

========================================================================
Received Import Request.
  Time since last request: 0.000198 seconds.
  path: Assets/BrokenVector/LowPolyCliffPack/Models/Clifftile Straight 2.dae
  artifactKey: Guid(b171fd32029e058429beaee55853e11e) Importer(815301076,1909f56bfc062723c751e8b465ee728b)
Start importing Assets/BrokenVector/LowPolyCliffPack/Models/Clifftile Straight 2.dae using Guid(b171fd32029e058429beaee55853e11e) Importer(815301076,1909f56bfc062723c751e8b465ee728b)  -> (artifact id: '73d53fdffa616af364186cc0c3d0043e') in 0.030156 seconds 
  Import took 0.034970 seconds .

========================================================================
Received Import Request.
  Time since last request: 0.000328 seconds.
  path: Assets/BrokenVector/LowPolyCliffPack/Models/Clifftile Straight 1.dae
  artifactKey: Guid(42ec1b33cc0ff1045a10129f1ed046f4) Importer(815301076,1909f56bfc062723c751e8b465ee728b)
Start importing Assets/BrokenVector/LowPolyCliffPack/Models/Clifftile Straight 1.dae using Guid(42ec1b33cc0ff1045a10129f1ed046f4) Importer(815301076,1909f56bfc062723c751e8b465ee728b)  -> (artifact id: 'a42f4115a73e5e4b7d1ebcf88ee09408') in 0.032623 seconds 
  Import took 0.037665 seconds .

========================================================================
Received Import Request.
  Time since last request: 0.000237 seconds.
  path: Assets/BrokenVector/LowPolyCliffPack/Models/Clifftile Straight 3.dae
  artifactKey: Guid(5f0bfec1f76234f43b0f098f4827b98b) Importer(815301076,1909f56bfc062723c751e8b465ee728b)
Start importing Assets/BrokenVector/LowPolyCliffPack/Models/Clifftile Straight 3.dae using Guid(5f0bfec1f76234f43b0f098f4827b98b) Importer(815301076,1909f56bfc062723c751e8b465ee728b)  -> (artifact id: '8a06a5d9103859fd921788d52ba1f94d') in 0.037940 seconds 
  Import took 0.043114 seconds .

========================================================================
Received Import Request.
  Time since last request: 0.000244 seconds.
  path: Assets/BrokenVector/LowPolyCliffPack/Models/Clifftile Connector 2.dae
  artifactKey: Guid(bc2d01bc395a03f47ab1dcf946bb9682) Importer(815301076,1909f56bfc062723c751e8b465ee728b)
Start importing Assets/BrokenVector/LowPolyCliffPack/Models/Clifftile Connector 2.dae using Guid(bc2d01bc395a03f47ab1dcf946bb9682) Importer(815301076,1909f56bfc062723c751e8b465ee728b)  -> (artifact id: '7bc9b1a6f89df3f90022220d65197290') in 0.031755 seconds 
  Import took 0.036430 seconds .

========================================================================
Received Import Request.
  Time since last request: 0.000298 seconds.
  path: Assets/BrokenVector/LowPolyCliffPack/Models/Rocktile Pass.dae
  artifactKey: Guid(1edb446e193775447821ee392adf65a0) Importer(815301076,1909f56bfc062723c751e8b465ee728b)
Start importing Assets/BrokenVector/LowPolyCliffPack/Models/Rocktile Pass.dae using Guid(1edb446e193775447821ee392adf65a0) Importer(815301076,1909f56bfc062723c751e8b465ee728b)  -> (artifact id: 'd532493eae4340f2618a761ad162de90') in 0.030213 seconds 
  Import took 0.035254 seconds .

========================================================================
Received Import Request.
  Time since last request: 0.000199 seconds.
  path: Assets/BrokenVector/LowPolyCliffPack/Models/Grasstile Convex.dae
  artifactKey: Guid(89ba98edc5caaff49a3d2c6a7117f260) Importer(815301076,1909f56bfc062723c751e8b465ee728b)
Start importing Assets/BrokenVector/LowPolyCliffPack/Models/Grasstile Convex.dae using Guid(89ba98edc5caaff49a3d2c6a7117f260) Importer(815301076,1909f56bfc062723c751e8b465ee728b)  -> (artifact id: 'f1ad0cd626133b9a19e45bef5f846ec1') in 0.028753 seconds 
  Import took 0.033239 seconds .

========================================================================
Received Import Request.
  Time since last request: 0.000422 seconds.
  path: Assets/BrokenVector/LowPolyCliffPack/Models/Grasstile Straight.dae
  artifactKey: Guid(a548c1c528522b04ebaec75903bd2d10) Importer(815301076,1909f56bfc062723c751e8b465ee728b)
Start importing Assets/BrokenVector/LowPolyCliffPack/Models/Grasstile Straight.dae using Guid(a548c1c528522b04ebaec75903bd2d10) Importer(815301076,1909f56bfc062723c751e8b465ee728b)  -> (artifact id: '19103c1f285981d1c9bceda2673ff909') in 0.034062 seconds 
  Import took 0.039859 seconds .

========================================================================
Received Import Request.
  Time since last request: 4.879213 seconds.
  path: Assets/BrokenVector/LowPolyCliffPack/Example.unity
  artifactKey: Guid(f568bcee9709b2e4094dea929964a957) Importer(815301076,1909f56bfc062723c751e8b465ee728b)
Start importing Assets/BrokenVector/LowPolyCliffPack/Example.unity using Guid(f568bcee9709b2e4094dea929964a957) Importer(815301076,1909f56bfc062723c751e8b465ee728b)  -> (artifact id: '7f5a102ef46ab2f597319f39bbb0d502') in 0.014369 seconds 
  Import took 0.019639 seconds .

========================================================================
Received Import Request.
  Time since last request: 43.124438 seconds.
  path: Assets/Scenes/SampleScene.unity
  artifactKey: Guid(9fc0d4010bbf28b4594072e72b8655ab) Importer(815301076,1909f56bfc062723c751e8b465ee728b)
Start importing Assets/Scenes/SampleScene.unity using Guid(9fc0d4010bbf28b4594072e72b8655ab) Importer(815301076,1909f56bfc062723c751e8b465ee728b)  -> (artifact id: '40d71c3ad461b18963c7ca370da7ad10') in 0.007562 seconds 
  Import took 0.012380 seconds .

AssetImportWorkerClient::OnTransportError - code=2 error=End of file
